<?xml version="1.0" encoding="UTF-8"?>
<!-- Generated by org.testng.reporters.JUnitReportReporter -->
<testsuite hostname="LAPTOP-O5LJRD3N" failures="0" tests="4" name="testComponents.BaseTest" time="13.340" errors="0" timestamp="2024-05-18T15:15:23 IST" skipped="0">
  <testcase classname="testComponents.BaseTest" name="testRegistration" time="8.469"/>
  <system-out/>
  <testcase classname="testComponents.BaseTest" name="testAPIResponse" time="0.205"/>
  <system-out/>
  <testcase classname="testComponents.BaseTest" name="testDB" time="0.010"/>
  <system-out/>
  <testcase classname="testComponents.BaseTest" name="testLogin" time="4.656"/>
  <system-out/>
</testsuite> <!-- testComponents.BaseTest -->
